<?xml version="1.0" encoding="UTF-8"?>
<!-- Generated by org.testng.reporters.JUnitXMLReporter -->
<testsuite ignored="2" hostname="DELL-M7HRPQSS6U" failures="2" tests="3" name="Test" time="8.377" errors="0" timestamp="2024-10-01T23:13:56 IST">
  <testcase classname="MavenSelenium.MavenSelenium.module1.Test2" name="Signup_validationTest" time="4.348"/>
  <testcase classname="MavenSelenium.MavenSelenium.module1.Test2" name="Signup_validationTest" time="0.003">
    <failure type="java.lang.NullPointerException" message="Cannot invoke &amp;quot;org.openqa.selenium.SearchContext.findElement(org.openqa.selenium.By)&amp;quot; because &amp;quot;this.searchContext&amp;quot; is null">
      <![CDATA[java.lang.NullPointerException: Cannot invoke "org.openqa.selenium.SearchContext.findElement(org.openqa.selenium.By)" because "this.searchContext" is null
at org.openqa.selenium.support.pagefactory.DefaultElementLocator.findElement(DefaultElementLocator.java:68)
at org.openqa.selenium.support.pagefactory.internal.LocatingElementHandler.invoke(LocatingElementHandler.java:38)
at jdk.proxy2/jdk.proxy2.$Proxy13.click(Unknown Source)
at MavenSelenium.MavenSelenium.module1.SignUppage.signInlink(SignUppage.java:23)
at MavenSelenium.MavenSelenium.module1.Test2.Signup_validationTest(Test2.java:14)
at java.base/java.util.ArrayList.forEach(ArrayList.java:1597)
... Removed 25 stack frames]]>
    </failure>
  </testcase> <!-- Signup_validationTest -->
  <testcase classname="MavenSelenium.MavenSelenium.module1.Test4" name="Edit_Amazon_Profile" time="0.008">
    <failure type="java.lang.NullPointerException" message="Cannot invoke &amp;quot;org.openqa.selenium.SearchContext.findElement(org.openqa.selenium.By)&amp;quot; because &amp;quot;this.searchContext&amp;quot; is null">
      <![CDATA[java.lang.NullPointerException: Cannot invoke "org.openqa.selenium.SearchContext.findElement(org.openqa.selenium.By)" because "this.searchContext" is null
at org.openqa.selenium.support.pagefactory.DefaultElementLocator.findElement(DefaultElementLocator.java:68)
at org.openqa.selenium.support.pagefactory.internal.LocatingElementHandler.invoke(LocatingElementHandler.java:38)
at jdk.proxy2/jdk.proxy2.$Proxy13.click(Unknown Source)
at MavenSelenium.MavenSelenium.module1.ProfileInformationPage.navigate(ProfileInformationPage.java:68)
at MavenSelenium.MavenSelenium.module1.Test4.Edit_Amazon_Profile(Test4.java:16)
at java.base/java.util.ArrayList.forEach(ArrayList.java:1597)
... Removed 25 stack frames]]>
    </failure>
  </testcase> <!-- Edit_Amazon_Profile -->
  <testcase classname="MavenSelenium.MavenSelenium.module1.BeforeAndAfter" name="@AfterTest closebrowser" time="0.0">
    <ignored/>
  </testcase> <!-- @AfterTest closebrowser -->
  <testcase classname="MavenSelenium.MavenSelenium.module1.BeforeAndAfter" name="@BeforeTest Launch_the_Application" time="0.0">
    <ignored/>
  </testcase> <!-- @BeforeTest Launch_the_Application -->
</testsuite> <!-- Test -->
